# JRE version: OpenJDK Runtime Environment (11.0.2+9) (build 11.0.2+9)
# Java VM: OpenJDK 64-Bit Server VM (11.0.2+9, mixed mode, tiered, compressed oops, g1 gc, windows-amd64)
Heap:
 garbage-first heap   total 262144K, used 86458K [0x00000000e0000000, 0x0000000100000000)
  region size 1024K, 38 young (38912K), 4 survivors (4096K)
 Metaspace       used 52509K, capacity 53961K, committed 54096K, reserved 432128K
  class space    used 6799K, capacity 7352K, committed 7424K, reserved 385024K
GC Heap History (10 events):
Event: 15.945 GC heap before
{Heap before GC invocations=5 (full 0):
 garbage-first heap   total 262144K, used 57240K [0x00000000e0000000, 0x0000000100000000)
  region size 1024K, 30 young (30720K), 8 survivors (8192K)
 Metaspace       used 34850K, capacity 35800K, committed 35920K, reserved 417792K
  class space    used 4706K, capacity 5080K, committed 5120K, reserved 385024K
}
Event: 15.953 GC heap after
{Heap after GC invocations=6 (full 0):
 garbage-first heap   total 262144K, used 37349K [0x00000000e0000000, 0x0000000100000000)
  region size 1024K, 8 young (8192K), 8 survivors (8192K)
 Metaspace       used 34850K, capacity 35800K, committed 35920K, reserved 417792K
  class space    used 4706K, capacity 5080K, committed 5120K, reserved 385024K
}
Event: 17.733 GC heap before
{Heap before GC invocations=7 (full 0):
 garbage-first heap   total 262144K, used 175589K [0x00000000e0000000, 0x0000000100000000)
  region size 1024K, 139 young (142336K), 8 survivors (8192K)
 Metaspace       used 50014K, capacity 51327K, committed 51408K, reserved 430080K
  class space    used 6510K, capacity 7028K, committed 7040K, reserved 385024K
}
Event: 17.746 GC heap after
{Heap after GC invocations=8 (full 0):
 garbage-first heap   total 262144K, used 47074K [0x00000000e0000000, 0x0000000100000000)
  region size 1024K, 18 young (18432K), 18 survivors (18432K)
 Metaspace       used 50014K, capacity 51327K, committed 51408K, reserved 430080K
  class space    used 6510K, capacity 7028K, committed 7040K, reserved 385024K
}
Event: 18.988 GC heap before
{Heap before GC invocations=8 (full 0):
 garbage-first heap   total 262144K, used 187362K [0x00000000e0000000, 0x0000000100000000)
  region size 1024K, 151 young (154624K), 18 survivors (18432K)
 Metaspace       used 52399K, capacity 53830K, committed 54096K, reserved 432128K
  class space    used 6799K, capacity 7352K, committed 7424K, reserved 385024K
}
Event: 19.000 GC heap after
{Heap after GC invocations=9 (full 0):
 garbage-first heap   total 262144K, used 51726K [0x00000000e0000000, 0x0000000100000000)
  region size 1024K, 3 young (3072K), 3 survivors (3072K)
 Metaspace       used 52399K, capacity 53830K, committed 54096K, reserved 432128K
  class space    used 6799K, capacity 7352K, committed 7424K, reserved 385024K
}
Event: 20.182 GC heap before
{Heap before GC invocations=9 (full 0):
 garbage-first heap   total 262144K, used 198158K [0x00000000e0000000, 0x0000000100000000)
  region size 1024K, 146 young (149504K), 3 survivors (3072K)
 Metaspace       used 52446K, capacity 53894K, committed 54096K, reserved 432128K
  class space    used 6799K, capacity 7352K, committed 7424K, reserved 385024K
}
Event: 20.185 GC heap after
{Heap after GC invocations=10 (full 0):
 garbage-first heap   total 262144K, used 51283K [0x00000000e0000000, 0x0000000100000000)
  region size 1024K, 3 young (3072K), 3 survivors (3072K)
 Metaspace       used 52446K, capacity 53894K, committed 54096K, reserved 432128K
  class space    used 6799K, capacity 7352K, committed 7424K, reserved 385024K
}
Event: 21.593 GC heap before
{Heap before GC invocations=10 (full 0):
 garbage-first heap   total 262144K, used 200787K [0x00000000e0000000, 0x0000000100000000)
  region size 1024K, 149 young (152576K), 3 survivors (3072K)
 Metaspace       used 52484K, capacity 53895K, committed 54096K, reserved 432128K
  class space    used 6799K, capacity 7352K, committed 7424K, reserved 385024K
}
Event: 21.597 GC heap after
{Heap after GC invocations=11 (full 0):
 garbage-first heap   total 262144K, used 52666K [0x00000000e0000000, 0x0000000100000000)
  region size 1024K, 4 young (4096K), 4 survivors (4096K)
 Metaspace       used 52484K, capacity 53895K, committed 54096K, reserved 432128K
  class space    used 6799K, capacity 7352K, committed 7424K, reserved 385024K
}

